<?xml version="1.0" encoding="UTF-8"?>
<testng-results skipped="0" failed="0" ignored="0" total="1" passed="1">
  <reporter-output>
  </reporter-output>
  <suite name="Suite" duration-ms="53768" started-at="2019-01-25T04:50:36Z" finished-at="2019-01-25T04:51:29Z">
    <groups>
    </groups>
    <test name="Parameters Test" duration-ms="53768" started-at="2019-01-25T04:50:36Z" finished-at="2019-01-25T04:51:29Z">
      <class name="Selenium.ParametersProgram">
        <test-method status="PASS" signature="loginUsingParameters(java.lang.String, java.lang.String, java.lang.String)[pri:0, instance:Selenium.ParametersProgram@1282abb]" name="loginUsingParameters" duration-ms="53718" started-at="2019-01-25T10:20:36Z" finished-at="2019-01-25T10:21:29Z">
          <params>
            <param index="0">
              <value>
                <![CDATA[https://www.facebook.com/]]>
              </value>
            </param>
            <param index="1">
              <value>
                <![CDATA[pavankrishnan1993@gmail.com/]]>
              </value>
            </param>
            <param index="2">
              <value>
                <![CDATA[C++ChaiCoreJava]]>
              </value>
            </param>
          </params>
          <reporter-output>
          </reporter-output>
        </test-method> <!-- loginUsingParameters -->
      </class> <!-- Selenium.ParametersProgram -->
    </test> <!-- Parameters Test -->
  </suite> <!-- Suite -->
</testng-results>
